{
  "RSpec": {
    "coverage": {
      "/Users/student/Documents/Makers/weekly-challenges/bank/spec/bank_spec.rb": [
        1,
        1,
        null,
        1,
        null,
        1,
        1,
        1,
        1,
        null,
        null,
        null,
        null,
        null,
        null,
        null,
        null,
        null,
        1,
        1,
        1,
        null,
        null,
        1,
        1,
        1,
        1,
        null,
        null,
        1,
        2,
        null,
        null,
        1,
        2,
        null,
        null,
        null,
        1,
        1,
        1,
        1,
        1,
        1,
        null,
        null,
        1,
        2,
        null,
        null,
        1,
        2,
        null,
        null,
        null,
        1,
        1,
        1,
        1,
        1,
        null,
        null,
        null,
        null,
        null,
        null,
        null,
        null,
        null,
        null,
        null,
        1,
        1,
        1,
        1,
        null,
        null,
        1,
        1,
        1,
        null,
        null,
        null,
        1,
        1,
        1,
        1,
        null,
        null,
        null,
        1,
        1,
        1,
        2,
        null,
        null,
        1,
        1,
        1,
        2,
        null,
        null,
        1,
        1,
        1,
        1,
        2,
        null,
        null,
        null
      ],
      "/Users/student/Documents/Makers/weekly-challenges/bank/lib/bank.rb": [
        1,
        1,
        null,
        1,
        15,
        15,
        15,
        null,
        null,
        1,
        18,
        16,
        16,
        16,
        null,
        null,
        1,
        4,
        2,
        2,
        2,
        null,
        null,
        1,
        17,
        null,
        null,
        1,
        17,
        null,
        null,
        1,
        null,
        1,
        22,
        20,
        null,
        null,
        null
      ],
      "/Users/student/Documents/Makers/weekly-challenges/bank/spec/test_helpers.rb": [
        1,
        8,
        8,
        8,
        null,
        null,
        1,
        7,
        7,
        7,
        null,
        null,
        1,
        2,
        2,
        2,
        null
      ],
      "/Users/student/Documents/Makers/weekly-challenges/bank/spec/statement_spec.rb": [
        1,
        null,
        1,
        null,
        2,
        1,
        null,
        1,
        1,
        1,
        2,
        null,
        null,
        null,
        null,
        null,
        null
      ],
      "/Users/student/Documents/Makers/weekly-challenges/bank/lib/statement.rb": [
        1,
        null,
        1,
        null,
        1,
        16,
        16,
        16,
        16,
        16,
        null,
        null,
        1,
        4,
        4,
        null,
        null,
        1,
        4,
        null,
        null,
        1,
        17,
        null,
        null,
        1,
        16,
        null,
        null,
        1,
        2,
        null,
        null,
        1,
        null,
        17,
        15,
        null,
        2,
        null,
        null,
        17,
        null,
        null,
        null,
        null
      ]
    },
    "timestamp": 1574252487
  }
}
