{
  "RSpec": {
    "coverage": {
      "/Users/student/Documents/Makers/weekly-challenges/bank/spec/bank_spec.rb": [
        null,
        null,
        1,
        1,
        null,
        1,
        2,
        null,
        1,
        1,
        1,
        1,
        1,
        null,
        null,
        null,
        1,
        null,
        1,
        2,
        null,
        null,
        1,
        2,
        null,
        null,
        1,
        1,
        1,
        1,
        null,
        null,
        1,
        1,
        1,
        null,
        null,
        null,
        null,
        1,
        1,
        1,
        1,
        1,
        1,
        null,
        null,
        1,
        2,
        null,
        null,
        1,
        2,
        null,
        null,
        null,
        null
      ],
      "/Users/student/Documents/Makers/weekly-challenges/bank/lib/bank.rb": [
        null,
        null,
        1,
        1,
        null,
        1,
        8,
        8,
        8,
        null,
        null,
        1,
        7,
        null,
        null,
        1,
        7,
        5,
        5,
        5,
        5,
        null,
        null,
        1,
        3,
        1,
        1,
        1,
        1,
        null,
        null,
        1,
        null,
        1,
        6,
        5,
        null,
        1,
        null,
        null,
        null,
        1,
        10,
        8,
        null,
        null
      ],
      "/Users/student/Documents/Makers/weekly-challenges/bank/spec/test_helpers.rb": [
        null,
        null,
        1,
        3,
        3,
        null,
        null,
        1,
        2,
        2,
        null,
        null,
        1,
        1,
        1,
        null
      ],
      "/Users/student/Documents/Makers/weekly-challenges/bank/spec/statement_spec.rb": [
        null,
        null,
        1,
        null,
        1,
        3,
        1,
        null,
        1,
        1,
        1,
        2,
        null,
        null,
        1,
        1,
        1,
        2,
        null,
        null,
        null
      ],
      "/Users/student/Documents/Makers/weekly-challenges/bank/lib/statement.rb": [
        null,
        null,
        1,
        1,
        null,
        1,
        10,
        10,
        10,
        10,
        10,
        10,
        null,
        null,
        1,
        2,
        2,
        null,
        null,
        1,
        7,
        null,
        null,
        1,
        5,
        null,
        null,
        1,
        1,
        null,
        null,
        1,
        5,
        null,
        null,
        1,
        1,
        null,
        null,
        null
      ]
    },
    "timestamp": 1574262895
  }
}
